HexoBlogUploader/app/build/intermediates/manifest_merge_blame_file/release/processReleaseMainManifest/manifest-merger-blame-release-report.txt
1<?xml version="1.0" encoding="utf-8"?>
2<manifest xmlns:android="http://schemas.android.com/apk/res/android"
3    package="com.example.hexobloguploader"
4    android:versionCode="1"
5    android:versionName="1.0" >
6
7    <uses-sdk
8        android:minSdkVersion="21"
9        android:targetSdkVersion="34" />
10
11    <uses-permission android:name="android.permission.INTERNET" />
11-->src\main\AndroidManifest.xml:5:5-67
11-->src\main\AndroidManifest.xml:5:22-64
12    <uses-permission android:name="android.permission.ACCESS_NETWORK_STATE" />
12-->src\main\AndroidManifest.xml:6:5-79
12-->src\main\AndroidManifest.xml:6:22-76
13    <!-- 如果需要访问外部存储 -->
14    <uses-permission android:name="android.permission.READ_EXTERNAL_STORAGE" />
14-->src\main\AndroidManifest.xml:8:5-80
14-->src\main\AndroidManifest.xml:8:22-77
15    <uses-permission android:name="android.permission.WRITE_EXTERNAL_STORAGE" />
15-->src\main\AndroidManifest.xml:9:5-81
15-->src\main\AndroidManifest.xml:9:22-78
16
17    <permission
17-->[androidx.core:core:1.12.0] AndroidManifest.xml:22:5-24:47
18        android:name="com.example.hexobloguploader.DYNAMIC_RECEIVER_NOT_EXPORTED_PERMISSION"
18-->[androidx.core:core:1.12.0] AndroidManifest.xml:23:9-81
19        android:protectionLevel="signature" />
19-->[androidx.core:core:1.12.0] AndroidManifest.xml:24:9-44
20
21    <uses-permission android:name="com.example.hexobloguploader.DYNAMIC_RECEIVER_NOT_EXPORTED_PERMISSION" />
21-->[androidx.core:core:1.12.0] AndroidManifest.xml:26:5-97
21-->[androidx.core:core:1.12.0] AndroidManifest.xml:26:22-94
22
23    <application
23-->src\main\AndroidManifest.xml:11:5-74:19
24        android:allowBackup="true"
24-->src\main\AndroidManifest.xml:12:9-35
25        android:appComponentFactory="androidx.core.app.CoreComponentFactory"
25-->[androidx.core:core:1.12.0] AndroidManifest.xml:28:18-86
26        android:dataExtractionRules="@xml/data_extraction_rules"
26-->src\main\AndroidManifest.xml:13:9-65
27        android:extractNativeLibs="true"
28        android:fullBackupContent="@xml/backup_rules"
28-->src\main\AndroidManifest.xml:14:9-54
29        android:icon="@android:drawable/sym_def_app_icon"
29-->src\main\AndroidManifest.xml:15:9-58
30        android:label="@string/app_name"
30-->src\main\AndroidManifest.xml:16:9-41
31        android:roundIcon="@android:drawable/sym_def_app_icon"
31-->src\main\AndroidManifest.xml:17:9-63
32        android:supportsRtl="true"
32-->src\main\AndroidManifest.xml:18:9-35
33        android:theme="@style/Theme.HexoBlogUploader" >
33-->src\main\AndroidManifest.xml:19:9-54
34        <activity
34-->src\main\AndroidManifest.xml:21:9-28:20
35            android:name="com.example.hexobloguploader.MainActivity"
35-->src\main\AndroidManifest.xml:22:13-41
36            android:exported="true" >
36-->src\main\AndroidManifest.xml:23:13-36
37            <intent-filter>
37-->src\main\AndroidManifest.xml:24:13-27:29
38                <action android:name="android.intent.action.MAIN" />
38-->src\main\AndroidManifest.xml:25:17-69
38-->src\main\AndroidManifest.xml:25:25-66
39
40                <category android:name="android.intent.category.LAUNCHER" />
40-->src\main\AndroidManifest.xml:26:17-77
40-->src\main\AndroidManifest.xml:26:27-74
41            </intent-filter>
42        </activity>
43        <activity
43-->src\main\AndroidManifest.xml:30:9-37:20
44            android:name="com.example.hexobloguploader.BlogDetailActivity"
44-->src\main\AndroidManifest.xml:31:13-47
45            android:exported="false"
45-->src\main\AndroidManifest.xml:32:13-37
46            android:parentActivityName="com.example.hexobloguploader.MainActivity" >
46-->src\main\AndroidManifest.xml:33:13-55
47            <meta-data
47-->src\main\AndroidManifest.xml:34:13-36:49
48                android:name="android.support.PARENT_ACTIVITY"
48-->src\main\AndroidManifest.xml:35:17-63
49                android:value=".MainActivity" />
49-->src\main\AndroidManifest.xml:36:17-46
50        </activity>
51        <activity
51-->src\main\AndroidManifest.xml:39:9-46:20
52            android:name="com.example.hexobloguploader.TestStorageActivity"
52-->src\main\AndroidManifest.xml:40:13-48
53            android:exported="false"
53-->src\main\AndroidManifest.xml:41:13-37
54            android:parentActivityName="com.example.hexobloguploader.MainActivity" >
54-->src\main\AndroidManifest.xml:42:13-55
55            <meta-data
55-->src\main\AndroidManifest.xml:34:13-36:49
56                android:name="android.support.PARENT_ACTIVITY"
56-->src\main\AndroidManifest.xml:35:17-63
57                android:value=".MainActivity" />
57-->src\main\AndroidManifest.xml:36:17-46
58        </activity>
59        <activity
59-->src\main\AndroidManifest.xml:48:9-55:20
60            android:name="com.example.hexobloguploader.SimpleGitManagerActivity"
60-->src\main\AndroidManifest.xml:49:13-53
61            android:exported="false"
61-->src\main\AndroidManifest.xml:50:13-37
62            android:parentActivityName="com.example.hexobloguploader.MainActivity" >
62-->src\main\AndroidManifest.xml:51:13-55
63            <meta-data
63-->src\main\AndroidManifest.xml:34:13-36:49
64                android:name="android.support.PARENT_ACTIVITY"
64-->src\main\AndroidManifest.xml:35:17-63
65                android:value=".MainActivity" />
65-->src\main\AndroidManifest.xml:36:17-46
66        </activity>
67        <activity
67-->src\main\AndroidManifest.xml:57:9-64:20
68            android:name="com.example.hexobloguploader.EditPostActivity"
68-->src\main\AndroidManifest.xml:58:13-45
69            android:exported="false"
69-->src\main\AndroidManifest.xml:59:13-37
70            android:parentActivityName="com.example.hexobloguploader.MainActivity" >
70-->src\main\AndroidManifest.xml:60:13-55
71            <meta-data
71-->src\main\AndroidManifest.xml:34:13-36:49
72                android:name="android.support.PARENT_ACTIVITY"
72-->src\main\AndroidManifest.xml:35:17-63
73                android:value=".MainActivity" />
73-->src\main\AndroidManifest.xml:36:17-46
74        </activity>
75        <activity
75-->src\main\AndroidManifest.xml:66:9-73:20
76            android:name="com.example.hexobloguploader.SettingsActivity"
76-->src\main\AndroidManifest.xml:67:13-45
77            android:exported="false"
77-->src\main\AndroidManifest.xml:68:13-37
78            android:parentActivityName="com.example.hexobloguploader.MainActivity" >
78-->src\main\AndroidManifest.xml:69:13-55
79            <meta-data
79-->src\main\AndroidManifest.xml:34:13-36:49
80                android:name="android.support.PARENT_ACTIVITY"
80-->src\main\AndroidManifest.xml:35:17-63
81                android:value=".MainActivity" />
81-->src\main\AndroidManifest.xml:36:17-46
82        </activity>
83
84        <provider
84-->[androidx.emoji2:emoji2:1.2.0] AndroidManifest.xml:24:9-32:20
85            android:name="androidx.startup.InitializationProvider"
85-->[androidx.emoji2:emoji2:1.2.0] AndroidManifest.xml:25:13-67
86            android:authorities="com.example.hexobloguploader.androidx-startup"
86-->[androidx.emoji2:emoji2:1.2.0] AndroidManifest.xml:26:13-68
87            android:exported="false" >
87-->[androidx.emoji2:emoji2:1.2.0] AndroidManifest.xml:27:13-37
88            <meta-data
88-->[androidx.emoji2:emoji2:1.2.0] AndroidManifest.xml:29:13-31:52
89                android:name="androidx.emoji2.text.EmojiCompatInitializer"
89-->[androidx.emoji2:emoji2:1.2.0] AndroidManifest.xml:30:17-75
90                android:value="androidx.startup" />
90-->[androidx.emoji2:emoji2:1.2.0] AndroidManifest.xml:31:17-49
91            <meta-data
91-->[androidx.lifecycle:lifecycle-process:2.7.0] AndroidManifest.xml:29:13-31:52
92                android:name="androidx.lifecycle.ProcessLifecycleInitializer"
92-->[androidx.lifecycle:lifecycle-process:2.7.0] AndroidManifest.xml:30:17-78
93                android:value="androidx.startup" />
93-->[androidx.lifecycle:lifecycle-process:2.7.0] AndroidManifest.xml:31:17-49
94            <meta-data
94-->[androidx.profileinstaller:profileinstaller:1.3.0] AndroidManifest.xml:29:13-31:52
95                android:name="androidx.profileinstaller.ProfileInstallerInitializer"
95-->[androidx.profileinstaller:profileinstaller:1.3.0] AndroidManifest.xml:30:17-85
96                android:value="androidx.startup" />
96-->[androidx.profileinstaller:profileinstaller:1.3.0] AndroidManifest.xml:31:17-49
97        </provider>
98
99        <uses-library
99-->[androidx.window:window:1.0.0] AndroidManifest.xml:25:9-27:40
100            android:name="androidx.window.extensions"
100-->[androidx.window:window:1.0.0] AndroidManifest.xml:26:13-54
101            android:required="false" />
101-->[androidx.window:window:1.0.0] AndroidManifest.xml:27:13-37
102        <uses-library
102-->[androidx.window:window:1.0.0] AndroidManifest.xml:28:9-30:40
103            android:name="androidx.window.sidecar"
103-->[androidx.window:window:1.0.0] AndroidManifest.xml:29:13-51
104            android:required="false" />
104-->[androidx.window:window:1.0.0] AndroidManifest.xml:30:13-37
105
106        <receiver
106-->[androidx.profileinstaller:profileinstaller:1.3.0] AndroidManifest.xml:34:9-52:20
107            android:name="androidx.profileinstaller.ProfileInstallReceiver"
107-->[androidx.profileinstaller:profileinstaller:1.3.0] AndroidManifest.xml:35:13-76
108            android:directBootAware="false"
108-->[androidx.profileinstaller:profileinstaller:1.3.0] AndroidManifest.xml:36:13-44
109            android:enabled="true"
109-->[androidx.profileinstaller:profileinstaller:1.3.0] AndroidManifest.xml:37:13-35
110            android:exported="true"
110-->[androidx.profileinstaller:profileinstaller:1.3.0] AndroidManifest.xml:38:13-36
111            android:permission="android.permission.DUMP" >
111-->[androidx.profileinstaller:profileinstaller:1.3.0] AndroidManifest.xml:39:13-57
112            <intent-filter>
112-->[androidx.profileinstaller:profileinstaller:1.3.0] AndroidManifest.xml:40:13-42:29
113                <action android:name="androidx.profileinstaller.action.INSTALL_PROFILE" />
113-->[androidx.profileinstaller:profileinstaller:1.3.0] AndroidManifest.xml:41:17-91
113-->[androidx.profileinstaller:profileinstaller:1.3.0] AndroidManifest.xml:41:25-88
114            </intent-filter>
115            <intent-filter>
115-->[androidx.profileinstaller:profileinstaller:1.3.0] AndroidManifest.xml:43:13-45:29
116                <action android:name="androidx.profileinstaller.action.SKIP_FILE" />
116-->[androidx.profileinstaller:profileinstaller:1.3.0] AndroidManifest.xml:44:17-85
116-->[androidx.profileinstaller:profileinstaller:1.3.0] AndroidManifest.xml:44:25-82
117            </intent-filter>
118            <intent-filter>
118-->[androidx.profileinstaller:profileinstaller:1.3.0] AndroidManifest.xml:46:13-48:29
119                <action android:name="androidx.profileinstaller.action.SAVE_PROFILE" />
119-->[androidx.profileinstaller:profileinstaller:1.3.0] AndroidManifest.xml:47:17-88
119-->[androidx.profileinstaller:profileinstaller:1.3.0] AndroidManifest.xml:47:25-85
120            </intent-filter>
121            <intent-filter>
121-->[androidx.profileinstaller:profileinstaller:1.3.0] AndroidManifest.xml:49:13-51:29
122                <action android:name="androidx.profileinstaller.action.BENCHMARK_OPERATION" />
122-->[androidx.profileinstaller:profileinstaller:1.3.0] AndroidManifest.xml:50:17-95
122-->[androidx.profileinstaller:profileinstaller:1.3.0] AndroidManifest.xml:50:25-92
123            </intent-filter>
124        </receiver>
125    </application>
126
127</manifest>